C:\Program Files\dotnet\sdk\8.0.421\Microsoft.Common.CurrentVersion.targets(3413,5): error MSB3823: Non-string resources require the property GenerateResourceUsePreserializedResources to be set to true. [C:\SMD_Source_Recovery\decompiled\IXtreme\IXtreme.csproj]
C:\Program Files\dotnet\sdk\8.0.421\Microsoft.Common.CurrentVersion.targets(3413,5): error MSB3822: Non-string resources require the System.Resources.Extensions assembly at runtime, but it was not found in this project's references. [C:\SMD_Source_Recovery\decompiled\IXtreme\IXtreme.csproj]
C:\Program Files\dotnet\sdk\8.0.421\Microsoft.Common.CurrentVersion.targets(3413,5): error MSB3823: Non-string resources require the property GenerateResourceUsePreserializedResources to be set to true. [C:\SMD_Source_Recovery\decompiled\IXtreme\IXtreme.csproj]
C:\Program Files\dotnet\sdk\8.0.421\Microsoft.Common.CurrentVersion.targets(3413,5): error MSB3822: Non-string resources require the System.Resources.Extensions assembly at runtime, but it was not found in this project's references. [C:\SMD_Source_Recovery\decompiled\IXtreme\IXtreme.csproj]
C:\Program Files\dotnet\sdk\8.0.421\Microsoft.Common.CurrentVersion.targets(3413,5): error MSB3823: Non-string resources require the property GenerateResourceUsePreserializedResources to be set to true. [C:\SMD_Source_Recovery\decompiled\IXtreme\IXtreme.csproj]
C:\Program Files\dotnet\sdk\8.0.421\Microsoft.Common.CurrentVersion.targets(3413,5): error MSB3822: Non-string resources require the System.Resources.Extensions assembly at runtime, but it was not found in this project's references. [C:\SMD_Source_Recovery\decompiled\IXtreme\IXtreme.csproj]
C:\Program Files\dotnet\sdk\8.0.421\Microsoft.Common.CurrentVersion.targets(3413,5): error MSB3823: Non-string resources require the property GenerateResourceUsePreserializedResources to be set to true. [C:\SMD_Source_Recovery\decompiled\IXtreme\IXtreme.csproj]
C:\Program Files\dotnet\sdk\8.0.421\Microsoft.Common.CurrentVersion.targets(3413,5): error MSB3822: Non-string resources require the System.Resources.Extensions assembly at runtime, but it was not found in this project's references. [C:\SMD_Source_Recovery\decompiled\IXtreme\IXtreme.csproj]
C:\Program Files\dotnet\sdk\8.0.421\Microsoft.Common.CurrentVersion.targets(3413,5): error MSB3823: Non-string resources require the property GenerateResourceUsePreserializedResources to be set to true. [C:\SMD_Source_Recovery\decompiled\IXtreme\IXtreme.csproj]
C:\Program Files\dotnet\sdk\8.0.421\Microsoft.Common.CurrentVersion.targets(3413,5): error MSB3822: Non-string resources require the System.Resources.Extensions assembly at runtime, but it was not found in this project's references. [C:\SMD_Source_Recovery\decompiled\IXtreme\IXtreme.csproj]
C:\Program Files\dotnet\sdk\8.0.421\Microsoft.Common.CurrentVersion.targets(3413,5): error MSB3823: Non-string resources require the property GenerateResourceUsePreserializedResources to be set to true. [C:\SMD_Source_Recovery\decompiled\IXtreme\IXtreme.csproj]
C:\Program Files\dotnet\sdk\8.0.421\Microsoft.Common.CurrentVersion.targets(3413,5): error MSB3822: Non-string resources require the System.Resources.Extensions assembly at runtime, but it was not found in this project's references. [C:\SMD_Source_Recovery\decompiled\IXtreme\IXtreme.csproj]
C:\Program Files\dotnet\sdk\8.0.421\Microsoft.Common.CurrentVersion.targets(3413,5): error MSB3823: Non-string resources require the property GenerateResourceUsePreserializedResources to be set to true. [C:\SMD_Source_Recovery\decompiled\IXtreme\IXtreme.csproj]
C:\Program Files\dotnet\sdk\8.0.421\Microsoft.Common.CurrentVersion.targets(3413,5): error MSB3822: Non-string resources require the System.Resources.Extensions assembly at runtime, but it was not found in this project's references. [C:\SMD_Source_Recovery\decompiled\IXtreme\IXtreme.csproj]
C:\Program Files\dotnet\sdk\8.0.421\Microsoft.Common.CurrentVersion.targets(3413,5): error MSB3823: Non-string resources require the property GenerateResourceUsePreserializedResources to be set to true. [C:\SMD_Source_Recovery\decompiled\IXtreme\IXtreme.csproj]
C:\Program Files\dotnet\sdk\8.0.421\Microsoft.Common.CurrentVersion.targets(3413,5): error MSB3822: Non-string resources require the System.Resources.Extensions assembly at runtime, but it was not found in this project's references. [C:\SMD_Source_Recovery\decompiled\IXtreme\IXtreme.csproj]
C:\Program Files\dotnet\sdk\8.0.421\Microsoft.Common.CurrentVersion.targets(3413,5): error MSB3823: Non-string resources require the property GenerateResourceUsePreserializedResources to be set to true. [C:\SMD_Source_Recovery\decompiled\IXtreme\IXtreme.csproj]
C:\Program Files\dotnet\sdk\8.0.421\Microsoft.Common.CurrentVersion.targets(3413,5): error MSB3822: Non-string resources require the System.Resources.Extensions assembly at runtime, but it was not found in this project's references. [C:\SMD_Source_Recovery\decompiled\IXtreme\IXtreme.csproj]
C:\Program Files\dotnet\sdk\8.0.421\Microsoft.Common.CurrentVersion.targets(3413,5): error MSB3823: Non-string resources require the property GenerateResourceUsePreserializedResources to be set to true. [C:\SMD_Source_Recovery\decompiled\IXtreme\IXtreme.csproj]
C:\Program Files\dotnet\sdk\8.0.421\Microsoft.Common.CurrentVersion.targets(3413,5): error MSB3822: Non-string resources require the System.Resources.Extensions assembly at runtime, but it was not found in this project's references. [C:\SMD_Source_Recovery\decompiled\IXtreme\IXtreme.csproj]
C:\Program Files\dotnet\sdk\8.0.421\Microsoft.Common.CurrentVersion.targets(3413,5): error MSB3823: Non-string resources require the property GenerateResourceUsePreserializedResources to be set to true. [C:\SMD_Source_Recovery\decompiled\IXtreme\IXtreme.csproj]
C:\Program Files\dotnet\sdk\8.0.421\Microsoft.Common.CurrentVersion.targets(3413,5): error MSB3822: Non-string resources require the System.Resources.Extensions assembly at runtime, but it was not found in this project's references. [C:\SMD_Source_Recovery\decompiled\IXtreme\IXtreme.csproj]
C:\Program Files\dotnet\sdk\8.0.421\Microsoft.Common.CurrentVersion.targets(3413,5): error MSB3823: Non-string resources require the property GenerateResourceUsePreserializedResources to be set to true. [C:\SMD_Source_Recovery\decompiled\IXtreme\IXtreme.csproj]
C:\Program Files\dotnet\sdk\8.0.421\Microsoft.Common.CurrentVersion.targets(3413,5): error MSB3822: Non-string resources require the System.Resources.Extensions assembly at runtime, but it was not found in this project's references. [C:\SMD_Source_Recovery\decompiled\IXtreme\IXtreme.csproj]
C:\Program Files\dotnet\sdk\8.0.421\Microsoft.Common.CurrentVersion.targets(3413,5): error MSB3823: Non-string resources require the property GenerateResourceUsePreserializedResources to be set to true. [C:\SMD_Source_Recovery\decompiled\IXtreme\IXtreme.csproj]
C:\Program Files\dotnet\sdk\8.0.421\Microsoft.Common.CurrentVersion.targets(3413,5): error MSB3822: Non-string resources require the System.Resources.Extensions assembly at runtime, but it was not found in this project's references. [C:\SMD_Source_Recovery\decompiled\IXtreme\IXtreme.csproj]
C:\Program Files\dotnet\sdk\8.0.421\Microsoft.Common.CurrentVersion.targets(3413,5): error MSB3823: Non-string resources require the property GenerateResourceUsePreserializedResources to be set to true. [C:\SMD_Source_Recovery\decompiled\IXtreme\IXtreme.csproj]
C:\Program Files\dotnet\sdk\8.0.421\Microsoft.Common.CurrentVersion.targets(3413,5): error MSB3822: Non-string resources require the System.Resources.Extensions assembly at runtime, but it was not found in this project's references. [C:\SMD_Source_Recovery\decompiled\IXtreme\IXtreme.csproj]
C:\Program Files\dotnet\sdk\8.0.421\Microsoft.Common.CurrentVersion.targets(3413,5): error MSB3823: Non-string resources require the property GenerateResourceUsePreserializedResources to be set to true. [C:\SMD_Source_Recovery\decompiled\IXtreme\IXtreme.csproj]
C:\Program Files\dotnet\sdk\8.0.421\Microsoft.Common.CurrentVersion.targets(3413,5): error MSB3822: Non-string resources require the System.Resources.Extensions assembly at runtime, but it was not found in this project's references. [C:\SMD_Source_Recovery\decompiled\IXtreme\IXtreme.csproj]
C:\Program Files\dotnet\sdk\8.0.421\Microsoft.Common.CurrentVersion.targets(3413,5): error MSB3823: Non-string resources require the property GenerateResourceUsePreserializedResources to be set to true. [C:\SMD_Source_Recovery\decompiled\IXtreme\IXtreme.csproj]
C:\Program Files\dotnet\sdk\8.0.421\Microsoft.Common.CurrentVersion.targets(3413,5): error MSB3822: Non-string resources require the System.Resources.Extensions assembly at runtime, but it was not found in this project's references. [C:\SMD_Source_Recovery\decompiled\IXtreme\IXtreme.csproj]
C:\Program Files\dotnet\sdk\8.0.421\Microsoft.Common.CurrentVersion.targets(3413,5): error MSB3823: Non-string resources require the property GenerateResourceUsePreserializedResources to be set to true. [C:\SMD_Source_Recovery\decompiled\IXtreme\IXtreme.csproj]
C:\Program Files\dotnet\sdk\8.0.421\Microsoft.Common.CurrentVersion.targets(3413,5): error MSB3822: Non-string resources require the System.Resources.Extensions assembly at runtime, but it was not found in this project's references. [C:\SMD_Source_Recovery\decompiled\IXtreme\IXtreme.csproj]
C:\Program Files\dotnet\sdk\8.0.421\Microsoft.Common.CurrentVersion.targets(3413,5): error MSB3823: Non-string resources require the property GenerateResourceUsePreserializedResources to be set to true. [C:\SMD_Source_Recovery\decompiled\IXtreme\IXtreme.csproj]
C:\Program Files\dotnet\sdk\8.0.421\Microsoft.Common.CurrentVersion.targets(3413,5): error MSB3822: Non-string resources require the System.Resources.Extensions assembly at runtime, but it was not found in this project's references. [C:\SMD_Source_Recovery\decompiled\IXtreme\IXtreme.csproj]
C:\Program Files\dotnet\sdk\8.0.421\Microsoft.Common.CurrentVersion.targets(3413,5): error MSB3823: Non-string resources require the property GenerateResourceUsePreserializedResources to be set to true. [C:\SMD_Source_Recovery\decompiled\IXtreme\IXtreme.csproj]
C:\Program Files\dotnet\sdk\8.0.421\Microsoft.Common.CurrentVersion.targets(3413,5): error MSB3822: Non-string resources require the System.Resources.Extensions assembly at runtime, but it was not found in this project's references. [C:\SMD_Source_Recovery\decompiled\IXtreme\IXtreme.csproj]
C:\Program Files\dotnet\sdk\8.0.421\Microsoft.Common.CurrentVersion.targets(3413,5): error MSB3823: Non-string resources require the property GenerateResourceUsePreserializedResources to be set to true. [C:\SMD_Source_Recovery\decompiled\IXtreme\IXtreme.csproj]
C:\Program Files\dotnet\sdk\8.0.421\Microsoft.Common.CurrentVersion.targets(3413,5): error MSB3822: Non-string resources require the System.Resources.Extensions assembly at runtime, but it was not found in this project's references. [C:\SMD_Source_Recovery\decompiled\IXtreme\IXtreme.csproj]
C:\Program Files\dotnet\sdk\8.0.421\Microsoft.Common.CurrentVersion.targets(3413,5): error MSB3823: Non-string resources require the property GenerateResourceUsePreserializedResources to be set to true. [C:\SMD_Source_Recovery\decompiled\IXtreme\IXtreme.csproj]
C:\Program Files\dotnet\sdk\8.0.421\Microsoft.Common.CurrentVersion.targets(3413,5): error MSB3822: Non-string resources require the System.Resources.Extensions assembly at runtime, but it was not found in this project's references. [C:\SMD_Source_Recovery\decompiled\IXtreme\IXtreme.csproj]

Build FAILED.
    1 Warning(s)
    42 Error(s)

Time Elapsed 00:00:04.17
