  Determining projects to restore...
  All projects are up-to-date for restore.
  AlienAge.ExtremeMessenger.v4 -> C:\SMD_Source_Recovery\decompiled\AlienAge.ExtremeMessenger.v4\bin\Debug\net472\AlienAge.ExtremeMessenger.v4.dll
C:\SMD_Source_Recovery\decompiled\IXtreme\I_Xtreme.ExtremeClasses\PayInVoucher.cs(54,7): warning CS0219: The variable 'num' is assigned but its value is never used [C:\SMD_Source_Recovery\decompiled\IXtreme\IXtreme.csproj]
C:\SMD_Source_Recovery\decompiled\IXtreme\I_Xtreme.DialogForms\SynchPaymentsFromOnline.cs(93,3): warning CS4014: Because this call is not awaited, execution of the current method continues before the call is completed. Consider applying the 'await' operator to the result of the call. [C:\SMD_Source_Recovery\decompiled\IXtreme\IXtreme.csproj]
C:\SMD_Source_Recovery\decompiled\IXtreme\I_Xtreme.DialogForms\SynchPaymentsFromOnline.cs(98,8): warning CS0219: The variable 'flag' is assigned but its value is never used [C:\SMD_Source_Recovery\decompiled\IXtreme\IXtreme.csproj]
C:\SMD_Source_Recovery\decompiled\IXtreme\I_Xtreme.DialogForms\NormalizeNumbers.cs(33,10): warning CS0219: The variable 'text' is assigned but its value is never used [C:\SMD_Source_Recovery\decompiled\IXtreme\IXtreme.csproj]
C:\SMD_Source_Recovery\decompiled\IXtreme\I_Xtreme.DialogForms\PersonalRequirements.cs(158,9): warning CS0219: The variable 'num' is assigned but its value is never used [C:\SMD_Source_Recovery\decompiled\IXtreme\IXtreme.csproj]
C:\SMD_Source_Recovery\decompiled\IXtreme\I_Xtreme.DialogForms\PersonalRequirementsNextTerm.cs(149,9): warning CS0219: The variable 'num' is assigned but its value is never used [C:\SMD_Source_Recovery\decompiled\IXtreme\IXtreme.csproj]
C:\SMD_Source_Recovery\decompiled\IXtreme\I_Xtreme\DataModel.cs(235,7): warning CS0219: The variable 'num' is assigned but its value is never used [C:\SMD_Source_Recovery\decompiled\IXtreme\IXtreme.csproj]
C:\SMD_Source_Recovery\decompiled\IXtreme\I_Xtreme.DialogForms\PromotePupils.cs(93,9): warning CS0219: The variable 'flag' is assigned but its value is never used [C:\SMD_Source_Recovery\decompiled\IXtreme\IXtreme.csproj]
C:\SMD_Source_Recovery\decompiled\IXtreme\I_Xtreme.DialogForms\PromoteStudents.cs(104,9): warning CS0219: The variable 'flag' is assigned but its value is never used [C:\SMD_Source_Recovery\decompiled\IXtreme\IXtreme.csproj]
C:\SMD_Source_Recovery\decompiled\IXtreme\I_Xtreme\editFeesPay.cs(253,10): warning CS0219: The variable 'flag' is assigned but its value is never used [C:\SMD_Source_Recovery\decompiled\IXtreme\IXtreme.csproj]
C:\SMD_Source_Recovery\decompiled\IXtreme\I_Xtreme\editFeesPay.cs(312,9): warning CS0219: The variable 'flag2' is assigned but its value is never used [C:\SMD_Source_Recovery\decompiled\IXtreme\IXtreme.csproj]
C:\SMD_Source_Recovery\decompiled\IXtreme\I_Xtreme\FinalAccounts.cs(414,7): warning CS0219: The variable 'num' is assigned but its value is never used [C:\SMD_Source_Recovery\decompiled\IXtreme\IXtreme.csproj]
C:\SMD_Source_Recovery\decompiled\IXtreme\I_Xtreme.DialogForms\StudentFeesPayment.cs(713,8): warning CS0219: The variable 'flag' is assigned but its value is never used [C:\SMD_Source_Recovery\decompiled\IXtreme\IXtreme.csproj]
C:\SMD_Source_Recovery\decompiled\IXtreme\I_Xtreme\MainForm.cs(6226,7): warning CS0219: The variable 'num' is assigned but its value is never used [C:\SMD_Source_Recovery\decompiled\IXtreme\IXtreme.csproj]
C:\SMD_Source_Recovery\decompiled\IXtreme\I_Xtreme\MainForm.cs(6236,7): warning CS0219: The variable 'num' is assigned but its value is never used [C:\SMD_Source_Recovery\decompiled\IXtreme\IXtreme.csproj]
C:\SMD_Source_Recovery\decompiled\IXtreme\I_Xtreme\MainForm.cs(7517,4): warning CS0162: Unreachable code detected [C:\SMD_Source_Recovery\decompiled\IXtreme\IXtreme.csproj]
C:\SMD_Source_Recovery\decompiled\IXtreme\I_Xtreme.NewCurriculumReports\DescriptiveUltimatev1.cs(161,28): warning CS0169: The field 'DescriptiveUltimatev1.adapterStudentsDS1' is never used [C:\SMD_Source_Recovery\decompiled\IXtreme\IXtreme.csproj]
C:\SMD_Source_Recovery\decompiled\IXtreme\I_Xtreme.NewCurriculumReports.SubReports\NewCurriculumSubUpperLO.cs(71,33): warning CS0169: The field 'NewCurriculumSubUpperLO.newCurriculumSubReport1' is never used [C:\SMD_Source_Recovery\decompiled\IXtreme\IXtreme.csproj]
C:\SMD_Source_Recovery\decompiled\IXtreme\I_Xtreme\MainForm.cs(250,33): warning CS0169: The field 'MainForm._usrSummativeAssessment' is never used [C:\SMD_Source_Recovery\decompiled\IXtreme\IXtreme.csproj]
C:\SMD_Source_Recovery\decompiled\IXtreme\I_Xtreme\MainForm.cs(270,37): warning CS0169: The field 'MainForm.generalReports' is never used [C:\SMD_Source_Recovery\decompiled\IXtreme\IXtreme.csproj]
C:\SMD_Source_Recovery\decompiled\IXtreme\I_Xtreme.NewCurriculumReports.SubReports\LOReportProject.cs(84,33): warning CS0169: The field 'LOReportProject.newCurriculumSubReport3' is never used [C:\SMD_Source_Recovery\decompiled\IXtreme\IXtreme.csproj]
C:\SMD_Source_Recovery\decompiled\IXtreme\I_Xtreme.NewCurriculumReports.SubReports\EOY100.cs(20,29): warning CS0169: The field 'EOY100.gradingScale' is never used [C:\SMD_Source_Recovery\decompiled\IXtreme\IXtreme.csproj]
C:\SMD_Source_Recovery\decompiled\IXtreme\I_Xtreme.NewCurriculumReports.SubReports\NewCurriculumSubUpperLO.cs(81,42): warning CS0169: The field 'NewCurriculumSubUpperLO.adapterNewCurriculumSubAssessed2' is never used [C:\SMD_Source_Recovery\decompiled\IXtreme\IXtreme.csproj]
C:\SMD_Source_Recovery\decompiled\IXtreme\I_Xtreme\FPutils.cs(11,14): warning CS0649: Field 'FPutils.FP_IMAGE_DATA.dwHeight' is never assigned to, and will always have its default value 0 [C:\SMD_Source_Recovery\decompiled\IXtreme\IXtreme.csproj]
C:\SMD_Source_Recovery\decompiled\IXtreme\I_Xtreme.AdvancedReports.ReportsMain\MainALevelSET.cs(54,27): warning CS0169: The field 'MainALevelSET.aLevelMainReport1' is never used [C:\SMD_Source_Recovery\decompiled\IXtreme\IXtreme.csproj]
C:\SMD_Source_Recovery\decompiled\IXtreme\I_Xtreme.NewCurriculumReports\DescriptiveUltimatev1.cs(155,27): warning CS0169: The field 'DescriptiveUltimatev1.studentsSourceDS2' is never used [C:\SMD_Source_Recovery\decompiled\IXtreme\IXtreme.csproj]
C:\SMD_Source_Recovery\decompiled\IXtreme\I_Xtreme.NewCurriculumReports.SubReports\NewCurriculumSubUpperLO.cs(127,33): warning CS0169: The field 'NewCurriculumSubUpperLO.newCurriculumSubReport4' is never used [C:\SMD_Source_Recovery\decompiled\IXtreme\IXtreme.csproj]
C:\SMD_Source_Recovery\decompiled\IXtreme\I_Xtreme.NewCurriculumReports\DescriptiveUltimatev2.cs(159,27): warning CS0169: The field 'DescriptiveUltimatev2.studentsSourceDS3' is never used [C:\SMD_Source_Recovery\decompiled\IXtreme\IXtreme.csproj]
C:\SMD_Source_Recovery\decompiled\IXtreme\I_Xtreme\MainForm.cs(222,31): warning CS0169: The field 'MainForm._usrStudentEmptyLists' is never used [C:\SMD_Source_Recovery\decompiled\IXtreme\IXtreme.csproj]
C:\SMD_Source_Recovery\decompiled\IXtreme\I_Xtreme\MainForm.cs(254,35): warning CS0169: The field 'MainForm._usrPrePrimaryMarksReview' is never used [C:\SMD_Source_Recovery\decompiled\IXtreme\IXtreme.csproj]
C:\SMD_Source_Recovery\decompiled\IXtreme\I_Xtreme.ClassLedgers\LedgerNextTerm.cs(63,36): warning CS0169: The field 'LedgerNextTerm.dTClassTablesTableAdapter' is never used [C:\SMD_Source_Recovery\decompiled\IXtreme\IXtreme.csproj]
C:\SMD_Source_Recovery\decompiled\IXtreme\I_Xtreme\editStudents.cs(51,32): warning CS0169: The field 'editStudents._trans' is never used [C:\SMD_Source_Recovery\decompiled\IXtreme\IXtreme.csproj]
C:\SMD_Source_Recovery\decompiled\IXtreme\I_Xtreme.NewCurriculumReports.SubReports\NewCurriculumSubUpperLO.cs(101,42): warning CS0169: The field 'NewCurriculumSubUpperLO.adapterNewCurriculumSubAssessed3' is never used [C:\SMD_Source_Recovery\decompiled\IXtreme\IXtreme.csproj]
C:\SMD_Source_Recovery\decompiled\IXtreme\I_Xtreme.NavigationForms\XtraUserIssueHistory.cs(23,20): warning CS0169: The field 'XtraUserIssueHistory.dt' is never used [C:\SMD_Source_Recovery\decompiled\IXtreme\IXtreme.csproj]
C:\SMD_Source_Recovery\decompiled\IXtreme\I_Xtreme.NewCurriculumReports.SubReports\LOReportProject.cs(78,42): warning CS0169: The field 'LOReportProject.adapterNewCurriculumSubAssessed' is never used [C:\SMD_Source_Recovery\decompiled\IXtreme\IXtreme.csproj]
C:\SMD_Source_Recovery\decompiled\IXtreme\I_Xtreme\editStudents.cs(61,25): warning CS0169: The field 'editStudents.trans' is never used [C:\SMD_Source_Recovery\decompiled\IXtreme\IXtreme.csproj]
C:\SMD_Source_Recovery\decompiled\IXtreme\I_Xtreme.NewCurriculumReports\DescriptiveUltimatev1.cs(157,28): warning CS0169: The field 'DescriptiveUltimatev1.adapterStudentsDS' is never used [C:\SMD_Source_Recovery\decompiled\IXtreme\IXtreme.csproj]
C:\SMD_Source_Recovery\decompiled\IXtreme\I_Xtreme.NewCurriculumReports\DescriptiveUltimatev2.cs(161,28): warning CS0169: The field 'DescriptiveUltimatev2.adapterStudentsDS1' is never used [C:\SMD_Source_Recovery\decompiled\IXtreme\IXtreme.csproj]
C:\SMD_Source_Recovery\decompiled\IXtreme\I_Xtreme.NewCurriculumReports.SubReports\UltimateReportSub.cs(66,42): warning CS0169: The field 'UltimateReportSub.adapterNewCurriculumSubAssessed' is never used [C:\SMD_Source_Recovery\decompiled\IXtreme\IXtreme.csproj]
C:\SMD_Source_Recovery\decompiled\IXtreme\I_Xtreme\MainForm.cs(148,20): warning CS0169: The field 'MainForm.dt_Tax' is never used [C:\SMD_Source_Recovery\decompiled\IXtreme\IXtreme.csproj]
C:\SMD_Source_Recovery\decompiled\IXtreme\I_Xtreme.NewCurriculumReports.SubReports\NewCurriculumSubUpperLO.cs(73,42): warning CS0169: The field 'NewCurriculumSubUpperLO.adapterNewCurriculumSubAssessed' is never used [C:\SMD_Source_Recovery\decompiled\IXtreme\IXtreme.csproj]
C:\SMD_Source_Recovery\decompiled\IXtreme\I_Xtreme.NewCurriculumReports.SubReports\NewCurriculumSubUpper2080.cs(69,42): warning CS0169: The field 'NewCurriculumSubUpper2080.adapterNewCurriculumSubAssessed' is never used [C:\SMD_Source_Recovery\decompiled\IXtreme\IXtreme.csproj]
C:\SMD_Source_Recovery\decompiled\IXtreme\I_Xtreme.DialogForms\StudentImport.cs(37,20): warning CS0169: The field 'StudentImport.dtStudNo' is never used [C:\SMD_Source_Recovery\decompiled\IXtreme\IXtreme.csproj]
C:\SMD_Source_Recovery\decompiled\IXtreme\I_Xtreme.NewCurriculumReports.SubReports\LOReportProject.cs(76,33): warning CS0169: The field 'LOReportProject.newCurriculumSubReport1' is never used [C:\SMD_Source_Recovery\decompiled\IXtreme\IXtreme.csproj]
C:\SMD_Source_Recovery\decompiled\IXtreme\I_Xtreme.DialogForms\UpdateDatabase.cs(26,25): warning CS0169: The field 'UpdateDatabase._trans' is never used [C:\SMD_Source_Recovery\decompiled\IXtreme\IXtreme.csproj]
C:\SMD_Source_Recovery\decompiled\IXtreme\I_Xtreme.NewCurriculumReports\DescriptiveUltimatev2.cs(155,27): warning CS0169: The field 'DescriptiveUltimatev2.studentsSourceDS2' is never used [C:\SMD_Source_Recovery\decompiled\IXtreme\IXtreme.csproj]
C:\SMD_Source_Recovery\decompiled\IXtreme\I_Xtreme.NewCurriculumReports.SubReports\Landscape2080.cs(20,29): warning CS0169: The field 'Landscape2080.gs' is never used [C:\SMD_Source_Recovery\decompiled\IXtreme\IXtreme.csproj]
C:\SMD_Source_Recovery\decompiled\IXtreme\I_Xtreme.NewCurriculumReports.SubReports\UltimateReportSub.cs(64,33): warning CS0169: The field 'UltimateReportSub.newCurriculumSubReport1' is never used [C:\SMD_Source_Recovery\decompiled\IXtreme\IXtreme.csproj]
C:\SMD_Source_Recovery\decompiled\IXtreme\I_Xtreme\MainForm.cs(238,35): warning CS0169: The field 'MainForm._usrCustomComments_ALevel' is never used [C:\SMD_Source_Recovery\decompiled\IXtreme\IXtreme.csproj]
C:\SMD_Source_Recovery\decompiled\IXtreme\I_Xtreme.NewCurriculumReports.SubReports\LOReportProject.cs(86,42): warning CS0169: The field 'LOReportProject.adapterNewCurriculumSubAssessed2' is never used [C:\SMD_Source_Recovery\decompiled\IXtreme\IXtreme.csproj]
C:\SMD_Source_Recovery\decompiled\IXtreme\I_Xtreme.NewCurriculumReports.SubReports\NewCurriculumSubUpper2080.cs(67,33): warning CS0169: The field 'NewCurriculumSubUpper2080.newCurriculumSubReport1' is never used [C:\SMD_Source_Recovery\decompiled\IXtreme\IXtreme.csproj]
C:\SMD_Source_Recovery\decompiled\IXtreme\I_Xtreme.NewCurriculumReports\DescriptiveUltimatev1.cs(153,27): warning CS0169: The field 'DescriptiveUltimatev1.studentsSourceDS1' is never used [C:\SMD_Source_Recovery\decompiled\IXtreme\IXtreme.csproj]
C:\SMD_Source_Recovery\decompiled\IXtreme\I_Xtreme.NewCurriculumReports\DescriptiveUltimatev2.cs(157,28): warning CS0169: The field 'DescriptiveUltimatev2.adapterStudentsDS' is never used [C:\SMD_Source_Recovery\decompiled\IXtreme\IXtreme.csproj]
C:\SMD_Source_Recovery\decompiled\IXtreme\I_Xtreme.NewCurriculumReports.SubReports\LOReportProject.cs(114,42): warning CS0169: The field 'LOReportProject.adapterNewCurriculumSubAssessed3' is never used [C:\SMD_Source_Recovery\decompiled\IXtreme\IXtreme.csproj]
C:\SMD_Source_Recovery\decompiled\IXtreme\I_Xtreme.NewCurriculumReports\DescriptiveUltimatev2.cs(153,27): warning CS0169: The field 'DescriptiveUltimatev2.studentsSourceDS1' is never used [C:\SMD_Source_Recovery\decompiled\IXtreme\IXtreme.csproj]
C:\SMD_Source_Recovery\decompiled\IXtreme\I_Xtreme\MainForm.cs(236,28): warning CS0169: The field 'MainForm._usrCustomComments' is never used [C:\SMD_Source_Recovery\decompiled\IXtreme\IXtreme.csproj]
C:\SMD_Source_Recovery\decompiled\IXtreme\I_Xtreme.AdvancedReports.ReportsMain\MainALevelSET.cs(56,34): warning CS0169: The field 'MainALevelSET.adapterALevelReportMain' is never used [C:\SMD_Source_Recovery\decompiled\IXtreme\IXtreme.csproj]
C:\SMD_Source_Recovery\decompiled\IXtreme\I_Xtreme.NewCurriculumReports.SubReports\NewCurriculumSubUpperLO.cs(75,33): warning CS0169: The field 'NewCurriculumSubUpperLO.newCurriculumSubReport2' is never used [C:\SMD_Source_Recovery\decompiled\IXtreme\IXtreme.csproj]
C:\SMD_Source_Recovery\decompiled\IXtreme\I_Xtreme.NavigationForms\XtraUserIssueRecHistory.cs(23,20): warning CS0169: The field 'XtraUserIssueRecHistory.dt' is never used [C:\SMD_Source_Recovery\decompiled\IXtreme\IXtreme.csproj]
C:\SMD_Source_Recovery\decompiled\IXtreme\I_Xtreme.NewCurriculumReports.SubReports\NewCurriculumSubUpperLO.cs(79,33): warning CS0169: The field 'NewCurriculumSubUpperLO.newCurriculumSubReport3' is never used [C:\SMD_Source_Recovery\decompiled\IXtreme\IXtreme.csproj]
C:\SMD_Source_Recovery\decompiled\IXtreme\I_Xtreme.NewCurriculumReports.SubReports\LOReportProject.cs(80,33): warning CS0169: The field 'LOReportProject.newCurriculumSubReport2' is never used [C:\SMD_Source_Recovery\decompiled\IXtreme\IXtreme.csproj]
C:\SMD_Source_Recovery\decompiled\IXtreme\I_Xtreme\MainForm.cs(130,25): warning CS0169: The field 'MainForm.tra' is never used [C:\SMD_Source_Recovery\decompiled\IXtreme\IXtreme.csproj]
C:\SMD_Source_Recovery\decompiled\IXtreme\I_Xtreme\FPutils.cs(9,14): warning CS0649: Field 'FPutils.FP_IMAGE_DATA.dwWidth' is never assigned to, and will always have its default value 0 [C:\SMD_Source_Recovery\decompiled\IXtreme\IXtreme.csproj]
C:\SMD_Source_Recovery\decompiled\IXtreme\I_Xtreme.NavigationForms\usrCustomCommentsEOY.cs(25,20): warning CS0169: The field 'usrCustomCommentsEOY.dt' is never used [C:\SMD_Source_Recovery\decompiled\IXtreme\IXtreme.csproj]
C:\SMD_Source_Recovery\decompiled\IXtreme\I_Xtreme.NewCurriculumReports.SubReports\NewCurriculumSubUpperLO.cs(77,42): warning CS0169: The field 'NewCurriculumSubUpperLO.adapterNewCurriculumSubAssessed1' is never used [C:\SMD_Source_Recovery\decompiled\IXtreme\IXtreme.csproj]
C:\SMD_Source_Recovery\decompiled\IXtreme\I_Xtreme.NewCurriculumReports.SubReports\LOReportProject.cs(140,33): warning CS0169: The field 'LOReportProject.newCurriculumSubReport4' is never used [C:\SMD_Source_Recovery\decompiled\IXtreme\IXtreme.csproj]
C:\SMD_Source_Recovery\decompiled\IXtreme\I_Xtreme\FPutils.cs(13,17): warning CS0649: Field 'FPutils.FP_IMAGE_DATA.pbyImage' is never assigned to, and will always have its default value [C:\SMD_Source_Recovery\decompiled\IXtreme\IXtreme.csproj]
C:\SMD_Source_Recovery\decompiled\IXtreme\I_Xtreme.ClearanceCards\ClearanceCardsGeneral.cs(26,43): warning CS0169: The field 'ClearanceCardsGeneral.studentPreviewSourceTableAdapter' is never used [C:\SMD_Source_Recovery\decompiled\IXtreme\IXtreme.csproj]
C:\SMD_Source_Recovery\decompiled\IXtreme\I_Xtreme.NewCurriculumReports.SubReports\LOReportProject.cs(82,42): warning CS0169: The field 'LOReportProject.adapterNewCurriculumSubAssessed1' is never used [C:\SMD_Source_Recovery\decompiled\IXtreme\IXtreme.csproj]
C:\SMD_Source_Recovery\decompiled\IXtreme\I_Xtreme.NewCurriculumReports\DescriptiveUltimatev1.cs(159,27): warning CS0169: The field 'DescriptiveUltimatev1.studentsSourceDS3' is never used [C:\SMD_Source_Recovery\decompiled\IXtreme\IXtreme.csproj]
C:\SMD_Source_Recovery\decompiled\IXtreme\I_Xtreme\MainForm.cs(92,15): warning CS0414: The field 'MainForm.canBill' is assigned but its value is never used [C:\SMD_Source_Recovery\decompiled\IXtreme\IXtreme.csproj]
C:\SMD_Source_Recovery\decompiled\IXtreme\I_Xtreme.NavigationForms\usrRankingOLNC.cs(32,37): warning CS0414: The field 'usrRankingOLNC.handle' is assigned but its value is never used [C:\SMD_Source_Recovery\decompiled\IXtreme\IXtreme.csproj]
C:\SMD_Source_Recovery\decompiled\IXtreme\I_Xtreme.DialogForms\SynchPaymentsFromOnline.cs(32,14): warning CS0414: The field 'SynchPaymentsFromOnline.x' is assigned but its value is never used [C:\SMD_Source_Recovery\decompiled\IXtreme\IXtreme.csproj]
C:\SMD_Source_Recovery\decompiled\IXtreme\I_Xtreme.DialogForms\SynchPaymentsFromOnline.cs(40,14): warning CS0414: The field 'SynchPaymentsFromOnline.pageSize' is assigned but its value is never used [C:\SMD_Source_Recovery\decompiled\IXtreme\IXtreme.csproj]
C:\SMD_Source_Recovery\decompiled\IXtreme\I_Xtreme\MainForm.cs(96,15): warning CS0414: The field 'MainForm.canEditFees' is assigned but its value is never used [C:\SMD_Source_Recovery\decompiled\IXtreme\IXtreme.csproj]
C:\SMD_Source_Recovery\decompiled\IXtreme\I_Xtreme\MainForm.cs(94,15): warning CS0414: The field 'MainForm.canPayIn' is assigned but its value is never used [C:\SMD_Source_Recovery\decompiled\IXtreme\IXtreme.csproj]
C:\SMD_Source_Recovery\decompiled\IXtreme\I_Xtreme\MainForm.cs(102,15): warning CS0414: The field 'MainForm.canDelStud' is assigned but its value is never used [C:\SMD_Source_Recovery\decompiled\IXtreme\IXtreme.csproj]
C:\SMD_Source_Recovery\decompiled\IXtreme\I_Xtreme.DialogForms\ProcessALevel.cs(20,15): warning CS0414: The field 'ProcessALevel.formLoaded' is assigned but its value is never used [C:\SMD_Source_Recovery\decompiled\IXtreme\IXtreme.csproj]
C:\SMD_Source_Recovery\decompiled\IXtreme\I_Xtreme.DialogForms\RegradeStudentsProgressNC.cs(35,14): warning CS0414: The field 'RegradeStudentsProgressNC.RankingOption' is assigned but its value is never used [C:\SMD_Source_Recovery\decompiled\IXtreme\IXtreme.csproj]
C:\SMD_Source_Recovery\decompiled\IXtreme\I_Xtreme.NewCurriculumReports.SubReports\Landscape2080.cs(22,17): warning CS0414: The field 'Landscape2080._out_3' is assigned but its value is never used [C:\SMD_Source_Recovery\decompiled\IXtreme\IXtreme.csproj]
C:\SMD_Source_Recovery\decompiled\IXtreme\I_Xtreme\MainForm.cs(90,15): warning CS0414: The field 'MainForm.readOnly' is assigned but its value is never used [C:\SMD_Source_Recovery\decompiled\IXtreme\IXtreme.csproj]
C:\SMD_Source_Recovery\decompiled\IXtreme\I_Xtreme\MainForm.cs(98,15): warning CS0414: The field 'MainForm.canEditStud' is assigned but its value is never used [C:\SMD_Source_Recovery\decompiled\IXtreme\IXtreme.csproj]
C:\SMD_Source_Recovery\decompiled\IXtreme\I_Xtreme\MainForm.cs(100,15): warning CS0414: The field 'MainForm.canAddStud' is assigned but its value is never used [C:\SMD_Source_Recovery\decompiled\IXtreme\IXtreme.csproj]
C:\SMD_Source_Recovery\decompiled\IXtreme\I_Xtreme.DialogForms\SynchPaymentsFromOnline.cs(34,15): warning CS0414: The field 'SynchPaymentsFromOnline.allDataDownloaded' is assigned but its value is never used [C:\SMD_Source_Recovery\decompiled\IXtreme\IXtreme.csproj]
CSC : warning CS1762: A reference was created to embedded interop assembly 'Interop.zkemkeeper, Version=1.0.0.0, Culture=neutral, PublicKeyToken=null' because of an indirect reference to that assembly created by assembly 'BiotimeDevice, Version=1.0.0.0, Culture=neutral, PublicKeyToken=null'. Consider changing the 'Embed Interop Types' property on either assembly. [C:\SMD_Source_Recovery\decompiled\IXtreme\IXtreme.csproj]
  IXtreme -> C:\SMD_Source_Recovery\decompiled\IXtreme\bin\Debug\net472\IXtreme.exe

Build succeeded.

C:\SMD_Source_Recovery\decompiled\IXtreme\I_Xtreme.ExtremeClasses\PayInVoucher.cs(54,7): warning CS0219: The variable 'num' is assigned but its value is never used [C:\SMD_Source_Recovery\decompiled\IXtreme\IXtreme.csproj]
C:\SMD_Source_Recovery\decompiled\IXtreme\I_Xtreme.DialogForms\SynchPaymentsFromOnline.cs(93,3): warning CS4014: Because this call is not awaited, execution of the current method continues before the call is completed. Consider applying the 'await' operator to the result of the call. [C:\SMD_Source_Recovery\decompiled\IXtreme\IXtreme.csproj]
C:\SMD_Source_Recovery\decompiled\IXtreme\I_Xtreme.DialogForms\SynchPaymentsFromOnline.cs(98,8): warning CS0219: The variable 'flag' is assigned but its value is never used [C:\SMD_Source_Recovery\decompiled\IXtreme\IXtreme.csproj]
C:\SMD_Source_Recovery\decompiled\IXtreme\I_Xtreme.DialogForms\NormalizeNumbers.cs(33,10): warning CS0219: The variable 'text' is assigned but its value is never used [C:\SMD_Source_Recovery\decompiled\IXtreme\IXtreme.csproj]
C:\SMD_Source_Recovery\decompiled\IXtreme\I_Xtreme.DialogForms\PersonalRequirements.cs(158,9): warning CS0219: The variable 'num' is assigned but its value is never used [C:\SMD_Source_Recovery\decompiled\IXtreme\IXtreme.csproj]
C:\SMD_Source_Recovery\decompiled\IXtreme\I_Xtreme.DialogForms\PersonalRequirementsNextTerm.cs(149,9): warning CS0219: The variable 'num' is assigned but its value is never used [C:\SMD_Source_Recovery\decompiled\IXtreme\IXtreme.csproj]
C:\SMD_Source_Recovery\decompiled\IXtreme\I_Xtreme\DataModel.cs(235,7): warning CS0219: The variable 'num' is assigned but its value is never used [C:\SMD_Source_Recovery\decompiled\IXtreme\IXtreme.csproj]
C:\SMD_Source_Recovery\decompiled\IXtreme\I_Xtreme.DialogForms\PromotePupils.cs(93,9): warning CS0219: The variable 'flag' is assigned but its value is never used [C:\SMD_Source_Recovery\decompiled\IXtreme\IXtreme.csproj]
C:\SMD_Source_Recovery\decompiled\IXtreme\I_Xtreme.DialogForms\PromoteStudents.cs(104,9): warning CS0219: The variable 'flag' is assigned but its value is never used [C:\SMD_Source_Recovery\decompiled\IXtreme\IXtreme.csproj]
C:\SMD_Source_Recovery\decompiled\IXtreme\I_Xtreme\editFeesPay.cs(253,10): warning CS0219: The variable 'flag' is assigned but its value is never used [C:\SMD_Source_Recovery\decompiled\IXtreme\IXtreme.csproj]
C:\SMD_Source_Recovery\decompiled\IXtreme\I_Xtreme\editFeesPay.cs(312,9): warning CS0219: The variable 'flag2' is assigned but its value is never used [C:\SMD_Source_Recovery\decompiled\IXtreme\IXtreme.csproj]
C:\SMD_Source_Recovery\decompiled\IXtreme\I_Xtreme\FinalAccounts.cs(414,7): warning CS0219: The variable 'num' is assigned but its value is never used [C:\SMD_Source_Recovery\decompiled\IXtreme\IXtreme.csproj]
C:\SMD_Source_Recovery\decompiled\IXtreme\I_Xtreme.DialogForms\StudentFeesPayment.cs(713,8): warning CS0219: The variable 'flag' is assigned but its value is never used [C:\SMD_Source_Recovery\decompiled\IXtreme\IXtreme.csproj]
C:\SMD_Source_Recovery\decompiled\IXtreme\I_Xtreme\MainForm.cs(6226,7): warning CS0219: The variable 'num' is assigned but its value is never used [C:\SMD_Source_Recovery\decompiled\IXtreme\IXtreme.csproj]
C:\SMD_Source_Recovery\decompiled\IXtreme\I_Xtreme\MainForm.cs(6236,7): warning CS0219: The variable 'num' is assigned but its value is never used [C:\SMD_Source_Recovery\decompiled\IXtreme\IXtreme.csproj]
C:\SMD_Source_Recovery\decompiled\IXtreme\I_Xtreme\MainForm.cs(7517,4): warning CS0162: Unreachable code detected [C:\SMD_Source_Recovery\decompiled\IXtreme\IXtreme.csproj]
C:\SMD_Source_Recovery\decompiled\IXtreme\I_Xtreme.NewCurriculumReports\DescriptiveUltimatev1.cs(161,28): warning CS0169: The field 'DescriptiveUltimatev1.adapterStudentsDS1' is never used [C:\SMD_Source_Recovery\decompiled\IXtreme\IXtreme.csproj]
C:\SMD_Source_Recovery\decompiled\IXtreme\I_Xtreme.NewCurriculumReports.SubReports\NewCurriculumSubUpperLO.cs(71,33): warning CS0169: The field 'NewCurriculumSubUpperLO.newCurriculumSubReport1' is never used [C:\SMD_Source_Recovery\decompiled\IXtreme\IXtreme.csproj]
C:\SMD_Source_Recovery\decompiled\IXtreme\I_Xtreme\MainForm.cs(250,33): warning CS0169: The field 'MainForm._usrSummativeAssessment' is never used [C:\SMD_Source_Recovery\decompiled\IXtreme\IXtreme.csproj]
C:\SMD_Source_Recovery\decompiled\IXtreme\I_Xtreme\MainForm.cs(270,37): warning CS0169: The field 'MainForm.generalReports' is never used [C:\SMD_Source_Recovery\decompiled\IXtreme\IXtreme.csproj]
C:\SMD_Source_Recovery\decompiled\IXtreme\I_Xtreme.NewCurriculumReports.SubReports\LOReportProject.cs(84,33): warning CS0169: The field 'LOReportProject.newCurriculumSubReport3' is never used [C:\SMD_Source_Recovery\decompiled\IXtreme\IXtreme.csproj]
C:\SMD_Source_Recovery\decompiled\IXtreme\I_Xtreme.NewCurriculumReports.SubReports\EOY100.cs(20,29): warning CS0169: The field 'EOY100.gradingScale' is never used [C:\SMD_Source_Recovery\decompiled\IXtreme\IXtreme.csproj]
C:\SMD_Source_Recovery\decompiled\IXtreme\I_Xtreme.NewCurriculumReports.SubReports\NewCurriculumSubUpperLO.cs(81,42): warning CS0169: The field 'NewCurriculumSubUpperLO.adapterNewCurriculumSubAssessed2' is never used [C:\SMD_Source_Recovery\decompiled\IXtreme\IXtreme.csproj]
C:\SMD_Source_Recovery\decompiled\IXtreme\I_Xtreme\FPutils.cs(11,14): warning CS0649: Field 'FPutils.FP_IMAGE_DATA.dwHeight' is never assigned to, and will always have its default value 0 [C:\SMD_Source_Recovery\decompiled\IXtreme\IXtreme.csproj]
C:\SMD_Source_Recovery\decompiled\IXtreme\I_Xtreme.AdvancedReports.ReportsMain\MainALevelSET.cs(54,27): warning CS0169: The field 'MainALevelSET.aLevelMainReport1' is never used [C:\SMD_Source_Recovery\decompiled\IXtreme\IXtreme.csproj]
C:\SMD_Source_Recovery\decompiled\IXtreme\I_Xtreme.NewCurriculumReports\DescriptiveUltimatev1.cs(155,27): warning CS0169: The field 'DescriptiveUltimatev1.studentsSourceDS2' is never used [C:\SMD_Source_Recovery\decompiled\IXtreme\IXtreme.csproj]
C:\SMD_Source_Recovery\decompiled\IXtreme\I_Xtreme.NewCurriculumReports.SubReports\NewCurriculumSubUpperLO.cs(127,33): warning CS0169: The field 'NewCurriculumSubUpperLO.newCurriculumSubReport4' is never used [C:\SMD_Source_Recovery\decompiled\IXtreme\IXtreme.csproj]
C:\SMD_Source_Recovery\decompiled\IXtreme\I_Xtreme.NewCurriculumReports\DescriptiveUltimatev2.cs(159,27): warning CS0169: The field 'DescriptiveUltimatev2.studentsSourceDS3' is never used [C:\SMD_Source_Recovery\decompiled\IXtreme\IXtreme.csproj]
C:\SMD_Source_Recovery\decompiled\IXtreme\I_Xtreme\MainForm.cs(222,31): warning CS0169: The field 'MainForm._usrStudentEmptyLists' is never used [C:\SMD_Source_Recovery\decompiled\IXtreme\IXtreme.csproj]
C:\SMD_Source_Recovery\decompiled\IXtreme\I_Xtreme\MainForm.cs(254,35): warning CS0169: The field 'MainForm._usrPrePrimaryMarksReview' is never used [C:\SMD_Source_Recovery\decompiled\IXtreme\IXtreme.csproj]
C:\SMD_Source_Recovery\decompiled\IXtreme\I_Xtreme.ClassLedgers\LedgerNextTerm.cs(63,36): warning CS0169: The field 'LedgerNextTerm.dTClassTablesTableAdapter' is never used [C:\SMD_Source_Recovery\decompiled\IXtreme\IXtreme.csproj]
C:\SMD_Source_Recovery\decompiled\IXtreme\I_Xtreme\editStudents.cs(51,32): warning CS0169: The field 'editStudents._trans' is never used [C:\SMD_Source_Recovery\decompiled\IXtreme\IXtreme.csproj]
C:\SMD_Source_Recovery\decompiled\IXtreme\I_Xtreme.NewCurriculumReports.SubReports\NewCurriculumSubUpperLO.cs(101,42): warning CS0169: The field 'NewCurriculumSubUpperLO.adapterNewCurriculumSubAssessed3' is never used [C:\SMD_Source_Recovery\decompiled\IXtreme\IXtreme.csproj]
C:\SMD_Source_Recovery\decompiled\IXtreme\I_Xtreme.NavigationForms\XtraUserIssueHistory.cs(23,20): warning CS0169: The field 'XtraUserIssueHistory.dt' is never used [C:\SMD_Source_Recovery\decompiled\IXtreme\IXtreme.csproj]
C:\SMD_Source_Recovery\decompiled\IXtreme\I_Xtreme.NewCurriculumReports.SubReports\LOReportProject.cs(78,42): warning CS0169: The field 'LOReportProject.adapterNewCurriculumSubAssessed' is never used [C:\SMD_Source_Recovery\decompiled\IXtreme\IXtreme.csproj]
C:\SMD_Source_Recovery\decompiled\IXtreme\I_Xtreme\editStudents.cs(61,25): warning CS0169: The field 'editStudents.trans' is never used [C:\SMD_Source_Recovery\decompiled\IXtreme\IXtreme.csproj]
C:\SMD_Source_Recovery\decompiled\IXtreme\I_Xtreme.NewCurriculumReports\DescriptiveUltimatev1.cs(157,28): warning CS0169: The field 'DescriptiveUltimatev1.adapterStudentsDS' is never used [C:\SMD_Source_Recovery\decompiled\IXtreme\IXtreme.csproj]
C:\SMD_Source_Recovery\decompiled\IXtreme\I_Xtreme.NewCurriculumReports\DescriptiveUltimatev2.cs(161,28): warning CS0169: The field 'DescriptiveUltimatev2.adapterStudentsDS1' is never used [C:\SMD_Source_Recovery\decompiled\IXtreme\IXtreme.csproj]
C:\SMD_Source_Recovery\decompiled\IXtreme\I_Xtreme.NewCurriculumReports.SubReports\UltimateReportSub.cs(66,42): warning CS0169: The field 'UltimateReportSub.adapterNewCurriculumSubAssessed' is never used [C:\SMD_Source_Recovery\decompiled\IXtreme\IXtreme.csproj]
C:\SMD_Source_Recovery\decompiled\IXtreme\I_Xtreme\MainForm.cs(148,20): warning CS0169: The field 'MainForm.dt_Tax' is never used [C:\SMD_Source_Recovery\decompiled\IXtreme\IXtreme.csproj]
C:\SMD_Source_Recovery\decompiled\IXtreme\I_Xtreme.NewCurriculumReports.SubReports\NewCurriculumSubUpperLO.cs(73,42): warning CS0169: The field 'NewCurriculumSubUpperLO.adapterNewCurriculumSubAssessed' is never used [C:\SMD_Source_Recovery\decompiled\IXtreme\IXtreme.csproj]
C:\SMD_Source_Recovery\decompiled\IXtreme\I_Xtreme.NewCurriculumReports.SubReports\NewCurriculumSubUpper2080.cs(69,42): warning CS0169: The field 'NewCurriculumSubUpper2080.adapterNewCurriculumSubAssessed' is never used [C:\SMD_Source_Recovery\decompiled\IXtreme\IXtreme.csproj]
C:\SMD_Source_Recovery\decompiled\IXtreme\I_Xtreme.DialogForms\StudentImport.cs(37,20): warning CS0169: The field 'StudentImport.dtStudNo' is never used [C:\SMD_Source_Recovery\decompiled\IXtreme\IXtreme.csproj]
C:\SMD_Source_Recovery\decompiled\IXtreme\I_Xtreme.NewCurriculumReports.SubReports\LOReportProject.cs(76,33): warning CS0169: The field 'LOReportProject.newCurriculumSubReport1' is never used [C:\SMD_Source_Recovery\decompiled\IXtreme\IXtreme.csproj]
C:\SMD_Source_Recovery\decompiled\IXtreme\I_Xtreme.DialogForms\UpdateDatabase.cs(26,25): warning CS0169: The field 'UpdateDatabase._trans' is never used [C:\SMD_Source_Recovery\decompiled\IXtreme\IXtreme.csproj]
C:\SMD_Source_Recovery\decompiled\IXtreme\I_Xtreme.NewCurriculumReports\DescriptiveUltimatev2.cs(155,27): warning CS0169: The field 'DescriptiveUltimatev2.studentsSourceDS2' is never used [C:\SMD_Source_Recovery\decompiled\IXtreme\IXtreme.csproj]
C:\SMD_Source_Recovery\decompiled\IXtreme\I_Xtreme.NewCurriculumReports.SubReports\Landscape2080.cs(20,29): warning CS0169: The field 'Landscape2080.gs' is never used [C:\SMD_Source_Recovery\decompiled\IXtreme\IXtreme.csproj]
C:\SMD_Source_Recovery\decompiled\IXtreme\I_Xtreme.NewCurriculumReports.SubReports\UltimateReportSub.cs(64,33): warning CS0169: The field 'UltimateReportSub.newCurriculumSubReport1' is never used [C:\SMD_Source_Recovery\decompiled\IXtreme\IXtreme.csproj]
C:\SMD_Source_Recovery\decompiled\IXtreme\I_Xtreme\MainForm.cs(238,35): warning CS0169: The field 'MainForm._usrCustomComments_ALevel' is never used [C:\SMD_Source_Recovery\decompiled\IXtreme\IXtreme.csproj]
C:\SMD_Source_Recovery\decompiled\IXtreme\I_Xtreme.NewCurriculumReports.SubReports\LOReportProject.cs(86,42): warning CS0169: The field 'LOReportProject.adapterNewCurriculumSubAssessed2' is never used [C:\SMD_Source_Recovery\decompiled\IXtreme\IXtreme.csproj]
C:\SMD_Source_Recovery\decompiled\IXtreme\I_Xtreme.NewCurriculumReports.SubReports\NewCurriculumSubUpper2080.cs(67,33): warning CS0169: The field 'NewCurriculumSubUpper2080.newCurriculumSubReport1' is never used [C:\SMD_Source_Recovery\decompiled\IXtreme\IXtreme.csproj]
C:\SMD_Source_Recovery\decompiled\IXtreme\I_Xtreme.NewCurriculumReports\DescriptiveUltimatev1.cs(153,27): warning CS0169: The field 'DescriptiveUltimatev1.studentsSourceDS1' is never used [C:\SMD_Source_Recovery\decompiled\IXtreme\IXtreme.csproj]
C:\SMD_Source_Recovery\decompiled\IXtreme\I_Xtreme.NewCurriculumReports\DescriptiveUltimatev2.cs(157,28): warning CS0169: The field 'DescriptiveUltimatev2.adapterStudentsDS' is never used [C:\SMD_Source_Recovery\decompiled\IXtreme\IXtreme.csproj]
C:\SMD_Source_Recovery\decompiled\IXtreme\I_Xtreme.NewCurriculumReports.SubReports\LOReportProject.cs(114,42): warning CS0169: The field 'LOReportProject.adapterNewCurriculumSubAssessed3' is never used [C:\SMD_Source_Recovery\decompiled\IXtreme\IXtreme.csproj]
C:\SMD_Source_Recovery\decompiled\IXtreme\I_Xtreme.NewCurriculumReports\DescriptiveUltimatev2.cs(153,27): warning CS0169: The field 'DescriptiveUltimatev2.studentsSourceDS1' is never used [C:\SMD_Source_Recovery\decompiled\IXtreme\IXtreme.csproj]
C:\SMD_Source_Recovery\decompiled\IXtreme\I_Xtreme\MainForm.cs(236,28): warning CS0169: The field 'MainForm._usrCustomComments' is never used [C:\SMD_Source_Recovery\decompiled\IXtreme\IXtreme.csproj]
C:\SMD_Source_Recovery\decompiled\IXtreme\I_Xtreme.AdvancedReports.ReportsMain\MainALevelSET.cs(56,34): warning CS0169: The field 'MainALevelSET.adapterALevelReportMain' is never used [C:\SMD_Source_Recovery\decompiled\IXtreme\IXtreme.csproj]
C:\SMD_Source_Recovery\decompiled\IXtreme\I_Xtreme.NewCurriculumReports.SubReports\NewCurriculumSubUpperLO.cs(75,33): warning CS0169: The field 'NewCurriculumSubUpperLO.newCurriculumSubReport2' is never used [C:\SMD_Source_Recovery\decompiled\IXtreme\IXtreme.csproj]
C:\SMD_Source_Recovery\decompiled\IXtreme\I_Xtreme.NavigationForms\XtraUserIssueRecHistory.cs(23,20): warning CS0169: The field 'XtraUserIssueRecHistory.dt' is never used [C:\SMD_Source_Recovery\decompiled\IXtreme\IXtreme.csproj]
C:\SMD_Source_Recovery\decompiled\IXtreme\I_Xtreme.NewCurriculumReports.SubReports\NewCurriculumSubUpperLO.cs(79,33): warning CS0169: The field 'NewCurriculumSubUpperLO.newCurriculumSubReport3' is never used [C:\SMD_Source_Recovery\decompiled\IXtreme\IXtreme.csproj]
C:\SMD_Source_Recovery\decompiled\IXtreme\I_Xtreme.NewCurriculumReports.SubReports\LOReportProject.cs(80,33): warning CS0169: The field 'LOReportProject.newCurriculumSubReport2' is never used [C:\SMD_Source_Recovery\decompiled\IXtreme\IXtreme.csproj]
C:\SMD_Source_Recovery\decompiled\IXtreme\I_Xtreme\MainForm.cs(130,25): warning CS0169: The field 'MainForm.tra' is never used [C:\SMD_Source_Recovery\decompiled\IXtreme\IXtreme.csproj]
C:\SMD_Source_Recovery\decompiled\IXtreme\I_Xtreme\FPutils.cs(9,14): warning CS0649: Field 'FPutils.FP_IMAGE_DATA.dwWidth' is never assigned to, and will always have its default value 0 [C:\SMD_Source_Recovery\decompiled\IXtreme\IXtreme.csproj]
C:\SMD_Source_Recovery\decompiled\IXtreme\I_Xtreme.NavigationForms\usrCustomCommentsEOY.cs(25,20): warning CS0169: The field 'usrCustomCommentsEOY.dt' is never used [C:\SMD_Source_Recovery\decompiled\IXtreme\IXtreme.csproj]
C:\SMD_Source_Recovery\decompiled\IXtreme\I_Xtreme.NewCurriculumReports.SubReports\NewCurriculumSubUpperLO.cs(77,42): warning CS0169: The field 'NewCurriculumSubUpperLO.adapterNewCurriculumSubAssessed1' is never used [C:\SMD_Source_Recovery\decompiled\IXtreme\IXtreme.csproj]
C:\SMD_Source_Recovery\decompiled\IXtreme\I_Xtreme.NewCurriculumReports.SubReports\LOReportProject.cs(140,33): warning CS0169: The field 'LOReportProject.newCurriculumSubReport4' is never used [C:\SMD_Source_Recovery\decompiled\IXtreme\IXtreme.csproj]
C:\SMD_Source_Recovery\decompiled\IXtreme\I_Xtreme\FPutils.cs(13,17): warning CS0649: Field 'FPutils.FP_IMAGE_DATA.pbyImage' is never assigned to, and will always have its default value [C:\SMD_Source_Recovery\decompiled\IXtreme\IXtreme.csproj]
C:\SMD_Source_Recovery\decompiled\IXtreme\I_Xtreme.ClearanceCards\ClearanceCardsGeneral.cs(26,43): warning CS0169: The field 'ClearanceCardsGeneral.studentPreviewSourceTableAdapter' is never used [C:\SMD_Source_Recovery\decompiled\IXtreme\IXtreme.csproj]
C:\SMD_Source_Recovery\decompiled\IXtreme\I_Xtreme.NewCurriculumReports.SubReports\LOReportProject.cs(82,42): warning CS0169: The field 'LOReportProject.adapterNewCurriculumSubAssessed1' is never used [C:\SMD_Source_Recovery\decompiled\IXtreme\IXtreme.csproj]
C:\SMD_Source_Recovery\decompiled\IXtreme\I_Xtreme.NewCurriculumReports\DescriptiveUltimatev1.cs(159,27): warning CS0169: The field 'DescriptiveUltimatev1.studentsSourceDS3' is never used [C:\SMD_Source_Recovery\decompiled\IXtreme\IXtreme.csproj]
C:\SMD_Source_Recovery\decompiled\IXtreme\I_Xtreme\MainForm.cs(92,15): warning CS0414: The field 'MainForm.canBill' is assigned but its value is never used [C:\SMD_Source_Recovery\decompiled\IXtreme\IXtreme.csproj]
C:\SMD_Source_Recovery\decompiled\IXtreme\I_Xtreme.NavigationForms\usrRankingOLNC.cs(32,37): warning CS0414: The field 'usrRankingOLNC.handle' is assigned but its value is never used [C:\SMD_Source_Recovery\decompiled\IXtreme\IXtreme.csproj]
C:\SMD_Source_Recovery\decompiled\IXtreme\I_Xtreme.DialogForms\SynchPaymentsFromOnline.cs(32,14): warning CS0414: The field 'SynchPaymentsFromOnline.x' is assigned but its value is never used [C:\SMD_Source_Recovery\decompiled\IXtreme\IXtreme.csproj]
C:\SMD_Source_Recovery\decompiled\IXtreme\I_Xtreme.DialogForms\SynchPaymentsFromOnline.cs(40,14): warning CS0414: The field 'SynchPaymentsFromOnline.pageSize' is assigned but its value is never used [C:\SMD_Source_Recovery\decompiled\IXtreme\IXtreme.csproj]
C:\SMD_Source_Recovery\decompiled\IXtreme\I_Xtreme\MainForm.cs(96,15): warning CS0414: The field 'MainForm.canEditFees' is assigned but its value is never used [C:\SMD_Source_Recovery\decompiled\IXtreme\IXtreme.csproj]
C:\SMD_Source_Recovery\decompiled\IXtreme\I_Xtreme\MainForm.cs(94,15): warning CS0414: The field 'MainForm.canPayIn' is assigned but its value is never used [C:\SMD_Source_Recovery\decompiled\IXtreme\IXtreme.csproj]
C:\SMD_Source_Recovery\decompiled\IXtreme\I_Xtreme\MainForm.cs(102,15): warning CS0414: The field 'MainForm.canDelStud' is assigned but its value is never used [C:\SMD_Source_Recovery\decompiled\IXtreme\IXtreme.csproj]
C:\SMD_Source_Recovery\decompiled\IXtreme\I_Xtreme.DialogForms\ProcessALevel.cs(20,15): warning CS0414: The field 'ProcessALevel.formLoaded' is assigned but its value is never used [C:\SMD_Source_Recovery\decompiled\IXtreme\IXtreme.csproj]
C:\SMD_Source_Recovery\decompiled\IXtreme\I_Xtreme.DialogForms\RegradeStudentsProgressNC.cs(35,14): warning CS0414: The field 'RegradeStudentsProgressNC.RankingOption' is assigned but its value is never used [C:\SMD_Source_Recovery\decompiled\IXtreme\IXtreme.csproj]
C:\SMD_Source_Recovery\decompiled\IXtreme\I_Xtreme.NewCurriculumReports.SubReports\Landscape2080.cs(22,17): warning CS0414: The field 'Landscape2080._out_3' is assigned but its value is never used [C:\SMD_Source_Recovery\decompiled\IXtreme\IXtreme.csproj]
C:\SMD_Source_Recovery\decompiled\IXtreme\I_Xtreme\MainForm.cs(90,15): warning CS0414: The field 'MainForm.readOnly' is assigned but its value is never used [C:\SMD_Source_Recovery\decompiled\IXtreme\IXtreme.csproj]
C:\SMD_Source_Recovery\decompiled\IXtreme\I_Xtreme\MainForm.cs(98,15): warning CS0414: The field 'MainForm.canEditStud' is assigned but its value is never used [C:\SMD_Source_Recovery\decompiled\IXtreme\IXtreme.csproj]
C:\SMD_Source_Recovery\decompiled\IXtreme\I_Xtreme\MainForm.cs(100,15): warning CS0414: The field 'MainForm.canAddStud' is assigned but its value is never used [C:\SMD_Source_Recovery\decompiled\IXtreme\IXtreme.csproj]
C:\SMD_Source_Recovery\decompiled\IXtreme\I_Xtreme.DialogForms\SynchPaymentsFromOnline.cs(34,15): warning CS0414: The field 'SynchPaymentsFromOnline.allDataDownloaded' is assigned but its value is never used [C:\SMD_Source_Recovery\decompiled\IXtreme\IXtreme.csproj]
CSC : warning CS1762: A reference was created to embedded interop assembly 'Interop.zkemkeeper, Version=1.0.0.0, Culture=neutral, PublicKeyToken=null' because of an indirect reference to that assembly created by assembly 'BiotimeDevice, Version=1.0.0.0, Culture=neutral, PublicKeyToken=null'. Consider changing the 'Embed Interop Types' property on either assembly. [C:\SMD_Source_Recovery\decompiled\IXtreme\IXtreme.csproj]
    85 Warning(s)
    0 Error(s)

Time Elapsed 00:00:16.11
